<?xml version="1.0" encoding="UTF-8"?>
<testsuite xmlns:xsi="http://www.w3.org/2001/XMLSchema-instance" xsi:noNamespaceSchemaLocation="https://maven.apache.org/surefire/maven-surefire-plugin/xsd/surefire-test-report.xsd" name="com.github.martns.AppTest" time="0.073" tests="1" errors="0" skipped="0" failures="0">
  <properties>
    <property name="sun.desktop" value="windows"/>
    <property name="awt.toolkit" value="sun.awt.windows.WToolkit"/>
    <property name="java.specification.version" value="11"/>
    <property name="sun.cpu.isalist" value="amd64"/>
    <property name="sun.jnu.encoding" value="Cp1252"/>
    <property name="java.class.path" value="C:\Users\brenoliv\OneDrive - Capgemini\Documents\brenbot\target\test-classes;C:\Users\brenoliv\OneDrive - Capgemini\Documents\brenbot\target\classes;C:\Users\brenoliv\.m2\repository\com\discord4j\discord4j-core\3.2.4\discord4j-core-3.2.4.jar;C:\Users\brenoliv\.m2\repository\com\discord4j\discord-json\1.6.14\discord-json-1.6.14.jar;C:\Users\brenoliv\.m2\repository\com\discord4j\discord-json-api\1.6.14\discord-json-api-1.6.14.jar;C:\Users\brenoliv\.m2\repository\com\fasterxml\jackson\datatype\jackson-datatype-jdk8\2.12.7\jackson-datatype-jdk8-2.12.7.jar;C:\Users\brenoliv\.m2\repository\com\discord4j\discord4j-rest\3.2.4\discord4j-rest-3.2.4.jar;C:\Users\brenoliv\.m2\repository\com\discord4j\discord4j-common\3.2.4\discord4j-common-3.2.4.jar;C:\Users\brenoliv\.m2\repository\io\projectreactor\netty\reactor-netty-http\1.0.30\reactor-netty-http-1.0.30.jar;C:\Users\brenoliv\.m2\repository\io\netty\netty-codec-http\4.1.89.Final\netty-codec-http-4.1.89.Final.jar;C:\Users\brenoliv\.m2\repository\io\netty\netty-common\4.1.89.Final\netty-common-4.1.89.Final.jar;C:\Users\brenoliv\.m2\repository\io\netty\netty-buffer\4.1.89.Final\netty-buffer-4.1.89.Final.jar;C:\Users\brenoliv\.m2\repository\io\netty\netty-transport\4.1.89.Final\netty-transport-4.1.89.Final.jar;C:\Users\brenoliv\.m2\repository\io\netty\netty-codec\4.1.89.Final\netty-codec-4.1.89.Final.jar;C:\Users\brenoliv\.m2\repository\io\netty\netty-handler\4.1.89.Final\netty-handler-4.1.89.Final.jar;C:\Users\brenoliv\.m2\repository\io\netty\netty-codec-http2\4.1.89.Final\netty-codec-http2-4.1.89.Final.jar;C:\Users\brenoliv\.m2\repository\io\netty\netty-resolver-dns\4.1.89.Final\netty-resolver-dns-4.1.89.Final.jar;C:\Users\brenoliv\.m2\repository\io\netty\netty-resolver\4.1.89.Final\netty-resolver-4.1.89.Final.jar;C:\Users\brenoliv\.m2\repository\io\netty\netty-codec-dns\4.1.89.Final\netty-codec-dns-4.1.89.Final.jar;C:\Users\brenoliv\.m2\repository\io\netty\netty-resolver-dns-native-macos\4.1.89.Final\netty-resolver-dns-native-macos-4.1.89.Final-osx-x86_64.jar;C:\Users\brenoliv\.m2\repository\io\netty\netty-resolver-dns-classes-macos\4.1.89.Final\netty-resolver-dns-classes-macos-4.1.89.Final.jar;C:\Users\brenoliv\.m2\repository\io\netty\netty-transport-native-epoll\4.1.89.Final\netty-transport-native-epoll-4.1.89.Final-linux-x86_64.jar;C:\Users\brenoliv\.m2\repository\io\netty\netty-transport-native-unix-common\4.1.89.Final\netty-transport-native-unix-common-4.1.89.Final.jar;C:\Users\brenoliv\.m2\repository\io\netty\netty-transport-classes-epoll\4.1.89.Final\netty-transport-classes-epoll-4.1.89.Final.jar;C:\Users\brenoliv\.m2\repository\io\projectreactor\netty\reactor-netty-core\1.0.30\reactor-netty-core-1.0.30.jar;C:\Users\brenoliv\.m2\repository\io\netty\netty-handler-proxy\4.1.89.Final\netty-handler-proxy-4.1.89.Final.jar;C:\Users\brenoliv\.m2\repository\io\netty\netty-codec-socks\4.1.89.Final\netty-codec-socks-4.1.89.Final.jar;C:\Users\brenoliv\.m2\repository\com\github\ben-manes\caffeine\caffeine\2.8.8\caffeine-2.8.8.jar;C:\Users\brenoliv\.m2\repository\org\checkerframework\checker-qual\3.8.0\checker-qual-3.8.0.jar;C:\Users\brenoliv\.m2\repository\com\google\errorprone\error_prone_annotations\2.4.0\error_prone_annotations-2.4.0.jar;C:\Users\brenoliv\.m2\repository\com\discord4j\discord4j-gateway\3.2.4\discord4j-gateway-3.2.4.jar;C:\Users\brenoliv\.m2\repository\io\projectreactor\addons\reactor-extra\3.4.10\reactor-extra-3.4.10.jar;C:\Users\brenoliv\.m2\repository\io\projectreactor\reactor-core\3.4.28\reactor-core-3.4.28.jar;C:\Users\brenoliv\.m2\repository\org\reactivestreams\reactive-streams\1.0.4\reactive-streams-1.0.4.jar;C:\Users\brenoliv\.m2\repository\com\discord4j\discord4j-voice\3.2.4\discord4j-voice-3.2.4.jar;C:\Users\brenoliv\.m2\repository\com\discord4j\simple-fsm\1.0.1\simple-fsm-1.0.1.jar;C:\Users\brenoliv\.m2\repository\com\discord4j\stores-jdk\3.2.2\stores-jdk-3.2.2.jar;C:\Users\brenoliv\.m2\repository\com\discord4j\stores-api\3.2.2\stores-api-3.2.2.jar;C:\Users\brenoliv\.m2\repository\com\austinv11\servicer\Servicer\1.0.3\Servicer-1.0.3.jar;C:\Users\brenoliv\.m2\repository\junit\junit\4.11\junit-4.11.jar;C:\Users\brenoliv\.m2\repository\org\hamcrest\hamcrest-core\1.3\hamcrest-core-1.3.jar;C:\Users\brenoliv\.m2\repository\net\dv8tion\JDA\5.0.0-beta.3\JDA-5.0.0-beta.3.jar;C:\Users\brenoliv\.m2\repository\org\slf4j\slf4j-api\1.7.36\slf4j-api-1.7.36.jar;C:\Users\brenoliv\.m2\repository\com\neovisionaries\nv-websocket-client\2.14\nv-websocket-client-2.14.jar;C:\Users\brenoliv\.m2\repository\com\squareup\okhttp3\okhttp\4.10.0\okhttp-4.10.0.jar;C:\Users\brenoliv\.m2\repository\com\squareup\okio\okio-jvm\3.0.0\okio-jvm-3.0.0.jar;C:\Users\brenoliv\.m2\repository\org\jetbrains\kotlin\kotlin-stdlib-jdk8\1.5.31\kotlin-stdlib-jdk8-1.5.31.jar;C:\Users\brenoliv\.m2\repository\org\jetbrains\kotlin\kotlin-stdlib-jdk7\1.5.31\kotlin-stdlib-jdk7-1.5.31.jar;C:\Users\brenoliv\.m2\repository\org\jetbrains\kotlin\kotlin-stdlib-common\1.5.31\kotlin-stdlib-common-1.5.31.jar;C:\Users\brenoliv\.m2\repository\org\jetbrains\kotlin\kotlin-stdlib\1.6.20\kotlin-stdlib-1.6.20.jar;C:\Users\brenoliv\.m2\repository\org\jetbrains\annotations\13.0\annotations-13.0.jar;C:\Users\brenoliv\.m2\repository\club\minnced\opus-java\1.1.1\opus-java-1.1.1.jar;C:\Users\brenoliv\.m2\repository\club\minnced\opus-java-api\1.1.1\opus-java-api-1.1.1.jar;C:\Users\brenoliv\.m2\repository\net\java\dev\jna\jna\4.4.0\jna-4.4.0.jar;C:\Users\brenoliv\.m2\repository\club\minnced\opus-java-natives\1.1.1\opus-java-natives-1.1.1.jar;C:\Users\brenoliv\.m2\repository\org\apache\commons\commons-collections4\4.4\commons-collections4-4.4.jar;C:\Users\brenoliv\.m2\repository\net\sf\trove4j\trove4j\3.0.3\trove4j-3.0.3.jar;C:\Users\brenoliv\.m2\repository\com\fasterxml\jackson\core\jackson-core\2.14.1\jackson-core-2.14.1.jar;C:\Users\brenoliv\.m2\repository\com\fasterxml\jackson\core\jackson-databind\2.14.1\jackson-databind-2.14.1.jar;C:\Users\brenoliv\.m2\repository\com\fasterxml\jackson\core\jackson-annotations\2.14.1\jackson-annotations-2.14.1.jar;C:\Users\brenoliv\.m2\repository\com\sedmelluq\lavaplayer\1.3.77\lavaplayer-1.3.77.jar;C:\Users\brenoliv\.m2\repository\com\sedmelluq\lava-common\1.1.2\lava-common-1.1.2.jar;C:\Users\brenoliv\.m2\repository\org\apache\httpcomponents\httpclient\4.5.10\httpclient-4.5.10.jar;C:\Users\brenoliv\.m2\repository\org\apache\httpcomponents\httpcore\4.4.12\httpcore-4.4.12.jar;C:\Users\brenoliv\.m2\repository\commons-logging\commons-logging\1.2\commons-logging-1.2.jar;C:\Users\brenoliv\.m2\repository\commons-codec\commons-codec\1.11\commons-codec-1.11.jar;C:\Users\brenoliv\.m2\repository\com\sedmelluq\lavaplayer-natives\1.3.14\lavaplayer-natives-1.3.14.jar;C:\Users\brenoliv\.m2\repository\commons-io\commons-io\2.6\commons-io-2.6.jar;C:\Users\brenoliv\.m2\repository\org\jsoup\jsoup\1.12.1\jsoup-1.12.1.jar;C:\Users\brenoliv\.m2\repository\net\iharder\base64\2.3.9\base64-2.3.9.jar;"/>
    <property name="java.vm.vendor" value="Oracle Corporation"/>
    <property name="sun.arch.data.model" value="64"/>
    <property name="user.variant" value=""/>
    <property name="java.vendor.url" value="https://openjdk.java.net/"/>
    <property name="user.timezone" value="America/Sao_Paulo"/>
    <property name="user.country.format" value="BR"/>
    <property name="java.vm.specification.version" value="11"/>
    <property name="os.name" value="Windows 11"/>
    <property name="sun.java.launcher" value="SUN_STANDARD"/>
    <property name="user.country" value="US"/>
    <property name="sun.boot.library.path" value="C:\Java\jdk-11.0.16\bin"/>
    <property name="sun.java.command" value="C:\Users\brenoliv\AppData\Local\Temp\surefire14691381264537596483\surefirebooter8384063405930144349.jar C:\Users\brenoliv\AppData\Local\Temp\surefire14691381264537596483 2023-04-10T09-36-55_631-jvmRun1 surefire11585879837700340487tmp surefire_08647232848407462528tmp"/>
    <property name="jdk.debug" value="release"/>
    <property name="surefire.test.class.path" value="C:\Users\brenoliv\OneDrive - Capgemini\Documents\brenbot\target\test-classes;C:\Users\brenoliv\OneDrive - Capgemini\Documents\brenbot\target\classes;C:\Users\brenoliv\.m2\repository\com\discord4j\discord4j-core\3.2.4\discord4j-core-3.2.4.jar;C:\Users\brenoliv\.m2\repository\com\discord4j\discord-json\1.6.14\discord-json-1.6.14.jar;C:\Users\brenoliv\.m2\repository\com\discord4j\discord-json-api\1.6.14\discord-json-api-1.6.14.jar;C:\Users\brenoliv\.m2\repository\com\fasterxml\jackson\datatype\jackson-datatype-jdk8\2.12.7\jackson-datatype-jdk8-2.12.7.jar;C:\Users\brenoliv\.m2\repository\com\discord4j\discord4j-rest\3.2.4\discord4j-rest-3.2.4.jar;C:\Users\brenoliv\.m2\repository\com\discord4j\discord4j-common\3.2.4\discord4j-common-3.2.4.jar;C:\Users\brenoliv\.m2\repository\io\projectreactor\netty\reactor-netty-http\1.0.30\reactor-netty-http-1.0.30.jar;C:\Users\brenoliv\.m2\repository\io\netty\netty-codec-http\4.1.89.Final\netty-codec-http-4.1.89.Final.jar;C:\Users\brenoliv\.m2\repository\io\netty\netty-common\4.1.89.Final\netty-common-4.1.89.Final.jar;C:\Users\brenoliv\.m2\repository\io\netty\netty-buffer\4.1.89.Final\netty-buffer-4.1.89.Final.jar;C:\Users\brenoliv\.m2\repository\io\netty\netty-transport\4.1.89.Final\netty-transport-4.1.89.Final.jar;C:\Users\brenoliv\.m2\repository\io\netty\netty-codec\4.1.89.Final\netty-codec-4.1.89.Final.jar;C:\Users\brenoliv\.m2\repository\io\netty\netty-handler\4.1.89.Final\netty-handler-4.1.89.Final.jar;C:\Users\brenoliv\.m2\repository\io\netty\netty-codec-http2\4.1.89.Final\netty-codec-http2-4.1.89.Final.jar;C:\Users\brenoliv\.m2\repository\io\netty\netty-resolver-dns\4.1.89.Final\netty-resolver-dns-4.1.89.Final.jar;C:\Users\brenoliv\.m2\repository\io\netty\netty-resolver\4.1.89.Final\netty-resolver-4.1.89.Final.jar;C:\Users\brenoliv\.m2\repository\io\netty\netty-codec-dns\4.1.89.Final\netty-codec-dns-4.1.89.Final.jar;C:\Users\brenoliv\.m2\repository\io\netty\netty-resolver-dns-native-macos\4.1.89.Final\netty-resolver-dns-native-macos-4.1.89.Final-osx-x86_64.jar;C:\Users\brenoliv\.m2\repository\io\netty\netty-resolver-dns-classes-macos\4.1.89.Final\netty-resolver-dns-classes-macos-4.1.89.Final.jar;C:\Users\brenoliv\.m2\repository\io\netty\netty-transport-native-epoll\4.1.89.Final\netty-transport-native-epoll-4.1.89.Final-linux-x86_64.jar;C:\Users\brenoliv\.m2\repository\io\netty\netty-transport-native-unix-common\4.1.89.Final\netty-transport-native-unix-common-4.1.89.Final.jar;C:\Users\brenoliv\.m2\repository\io\netty\netty-transport-classes-epoll\4.1.89.Final\netty-transport-classes-epoll-4.1.89.Final.jar;C:\Users\brenoliv\.m2\repository\io\projectreactor\netty\reactor-netty-core\1.0.30\reactor-netty-core-1.0.30.jar;C:\Users\brenoliv\.m2\repository\io\netty\netty-handler-proxy\4.1.89.Final\netty-handler-proxy-4.1.89.Final.jar;C:\Users\brenoliv\.m2\repository\io\netty\netty-codec-socks\4.1.89.Final\netty-codec-socks-4.1.89.Final.jar;C:\Users\brenoliv\.m2\repository\com\github\ben-manes\caffeine\caffeine\2.8.8\caffeine-2.8.8.jar;C:\Users\brenoliv\.m2\repository\org\checkerframework\checker-qual\3.8.0\checker-qual-3.8.0.jar;C:\Users\brenoliv\.m2\repository\com\google\errorprone\error_prone_annotations\2.4.0\error_prone_annotations-2.4.0.jar;C:\Users\brenoliv\.m2\repository\com\discord4j\discord4j-gateway\3.2.4\discord4j-gateway-3.2.4.jar;C:\Users\brenoliv\.m2\repository\io\projectreactor\addons\reactor-extra\3.4.10\reactor-extra-3.4.10.jar;C:\Users\brenoliv\.m2\repository\io\projectreactor\reactor-core\3.4.28\reactor-core-3.4.28.jar;C:\Users\brenoliv\.m2\repository\org\reactivestreams\reactive-streams\1.0.4\reactive-streams-1.0.4.jar;C:\Users\brenoliv\.m2\repository\com\discord4j\discord4j-voice\3.2.4\discord4j-voice-3.2.4.jar;C:\Users\brenoliv\.m2\repository\com\discord4j\simple-fsm\1.0.1\simple-fsm-1.0.1.jar;C:\Users\brenoliv\.m2\repository\com\discord4j\stores-jdk\3.2.2\stores-jdk-3.2.2.jar;C:\Users\brenoliv\.m2\repository\com\discord4j\stores-api\3.2.2\stores-api-3.2.2.jar;C:\Users\brenoliv\.m2\repository\com\austinv11\servicer\Servicer\1.0.3\Servicer-1.0.3.jar;C:\Users\brenoliv\.m2\repository\junit\junit\4.11\junit-4.11.jar;C:\Users\brenoliv\.m2\repository\org\hamcrest\hamcrest-core\1.3\hamcrest-core-1.3.jar;C:\Users\brenoliv\.m2\repository\net\dv8tion\JDA\5.0.0-beta.3\JDA-5.0.0-beta.3.jar;C:\Users\brenoliv\.m2\repository\org\slf4j\slf4j-api\1.7.36\slf4j-api-1.7.36.jar;C:\Users\brenoliv\.m2\repository\com\neovisionaries\nv-websocket-client\2.14\nv-websocket-client-2.14.jar;C:\Users\brenoliv\.m2\repository\com\squareup\okhttp3\okhttp\4.10.0\okhttp-4.10.0.jar;C:\Users\brenoliv\.m2\repository\com\squareup\okio\okio-jvm\3.0.0\okio-jvm-3.0.0.jar;C:\Users\brenoliv\.m2\repository\org\jetbrains\kotlin\kotlin-stdlib-jdk8\1.5.31\kotlin-stdlib-jdk8-1.5.31.jar;C:\Users\brenoliv\.m2\repository\org\jetbrains\kotlin\kotlin-stdlib-jdk7\1.5.31\kotlin-stdlib-jdk7-1.5.31.jar;C:\Users\brenoliv\.m2\repository\org\jetbrains\kotlin\kotlin-stdlib-common\1.5.31\kotlin-stdlib-common-1.5.31.jar;C:\Users\brenoliv\.m2\repository\org\jetbrains\kotlin\kotlin-stdlib\1.6.20\kotlin-stdlib-1.6.20.jar;C:\Users\brenoliv\.m2\repository\org\jetbrains\annotations\13.0\annotations-13.0.jar;C:\Users\brenoliv\.m2\repository\club\minnced\opus-java\1.1.1\opus-java-1.1.1.jar;C:\Users\brenoliv\.m2\repository\club\minnced\opus-java-api\1.1.1\opus-java-api-1.1.1.jar;C:\Users\brenoliv\.m2\repository\net\java\dev\jna\jna\4.4.0\jna-4.4.0.jar;C:\Users\brenoliv\.m2\repository\club\minnced\opus-java-natives\1.1.1\opus-java-natives-1.1.1.jar;C:\Users\brenoliv\.m2\repository\org\apache\commons\commons-collections4\4.4\commons-collections4-4.4.jar;C:\Users\brenoliv\.m2\repository\net\sf\trove4j\trove4j\3.0.3\trove4j-3.0.3.jar;C:\Users\brenoliv\.m2\repository\com\fasterxml\jackson\core\jackson-core\2.14.1\jackson-core-2.14.1.jar;C:\Users\brenoliv\.m2\repository\com\fasterxml\jackson\core\jackson-databind\2.14.1\jackson-databind-2.14.1.jar;C:\Users\brenoliv\.m2\repository\com\fasterxml\jackson\core\jackson-annotations\2.14.1\jackson-annotations-2.14.1.jar;C:\Users\brenoliv\.m2\repository\com\sedmelluq\lavaplayer\1.3.77\lavaplayer-1.3.77.jar;C:\Users\brenoliv\.m2\repository\com\sedmelluq\lava-common\1.1.2\lava-common-1.1.2.jar;C:\Users\brenoliv\.m2\repository\org\apache\httpcomponents\httpclient\4.5.10\httpclient-4.5.10.jar;C:\Users\brenoliv\.m2\repository\org\apache\httpcomponents\httpcore\4.4.12\httpcore-4.4.12.jar;C:\Users\brenoliv\.m2\repository\commons-logging\commons-logging\1.2\commons-logging-1.2.jar;C:\Users\brenoliv\.m2\repository\commons-codec\commons-codec\1.11\commons-codec-1.11.jar;C:\Users\brenoliv\.m2\repository\com\sedmelluq\lavaplayer-natives\1.3.14\lavaplayer-natives-1.3.14.jar;C:\Users\brenoliv\.m2\repository\commons-io\commons-io\2.6\commons-io-2.6.jar;C:\Users\brenoliv\.m2\repository\org\jsoup\jsoup\1.12.1\jsoup-1.12.1.jar;C:\Users\brenoliv\.m2\repository\net\iharder\base64\2.3.9\base64-2.3.9.jar;"/>
    <property name="sun.cpu.endian" value="little"/>
    <property name="user.home" value="C:\Users\brenoliv"/>
    <property name="user.language" value="en"/>
    <property name="java.specification.vendor" value="Oracle Corporation"/>
    <property name="java.version.date" value="2022-07-19"/>
    <property name="java.home" value="C:\Java\jdk-11.0.16"/>
    <property name="file.separator" value="\"/>
    <property name="basedir" value="C:\Users\brenoliv\OneDrive - Capgemini\Documents\brenbot"/>
    <property name="java.vm.compressedOopsMode" value="Zero based"/>
    <property name="line.separator" value="&#10;"/>
    <property name="java.specification.name" value="Java Platform API Specification"/>
    <property name="java.vm.specification.vendor" value="Oracle Corporation"/>
    <property name="java.awt.graphicsenv" value="sun.awt.Win32GraphicsEnvironment"/>
    <property name="surefire.real.class.path" value="C:\Users\brenoliv\AppData\Local\Temp\surefire14691381264537596483\surefirebooter8384063405930144349.jar"/>
    <property name="user.script" value=""/>
    <property name="sun.management.compiler" value="HotSpot 64-Bit Tiered Compilers"/>
    <property name="java.runtime.version" value="11.0.16+11-LTS-199"/>
    <property name="user.name" value="brenoliv"/>
    <property name="path.separator" value=";"/>
    <property name="os.version" value="10.0"/>
    <property name="java.runtime.name" value="Java(TM) SE Runtime Environment"/>
    <property name="file.encoding" value="Cp1252"/>
    <property name="java.vm.name" value="Java HotSpot(TM) 64-Bit Server VM"/>
    <property name="java.vendor.version" value="18.9"/>
    <property name="localRepository" value="C:\Users\brenoliv\.m2\repository"/>
    <property name="java.vendor.url.bug" value="https://bugreport.java.com/bugreport/"/>
    <property name="java.io.tmpdir" value="C:\Users\brenoliv\AppData\Local\Temp\"/>
    <property name="java.version" value="11.0.16"/>
    <property name="user.dir" value="C:\Users\brenoliv\OneDrive - Capgemini\Documents\brenbot"/>
    <property name="os.arch" value="amd64"/>
    <property name="java.vm.specification.name" value="Java Virtual Machine Specification"/>
    <property name="java.awt.printerjob" value="sun.awt.windows.WPrinterJob"/>
    <property name="user.language.format" value="pt"/>
    <property name="sun.os.patch.level" value=""/>
    <property name="java.library.path" value="C:\Java\jdk-11.0.16\bin;C:\Windows\Sun\Java\bin;C:\Windows\system32;C:\Windows;C:\Windows\system32;C:\Windows;C:\Windows\System32\Wbem;C:\Windows\System32\WindowsPowerShell\v1.0\;C:\Windows\System32\OpenSSH\;C:\Java\jdk-11.0.16\bin;C:\Users\brenoliv\maven\apache-maven-3.8.6\bin;C:\Program Files\nodejs\;C:\HashiCorp\Vagrant\bin;C:\Users\brenoliv\.jbang\bin;C:\Users\brenoliv\AppData\Local\Microsoft\WindowsApps;C:\Users\brenoliv\AppData\Local\Programs\Microsoft VS Code\bin;C:\Users\brenoliv\AppData\Local\Programs\Git\cmd;C:\Users\brenoliv\AppData\Local\GitHubDesktop\bin;C:\Users\brenoliv\AppData\Roaming\npm;;%USERPROFILE%\AppData\Local\Microsoft\WindowsApps;."/>
    <property name="java.vendor" value="Oracle Corporation"/>
    <property name="java.vm.info" value="mixed mode"/>
    <property name="java.vm.version" value="11.0.16+11-LTS-199"/>
    <property name="sun.io.unicode.encoding" value="UnicodeLittle"/>
    <property name="java.class.version" value="55.0"/>
  </properties>
  <testcase name="shouldAnswerWithTrue" classname="com.github.martns.AppTest" time="0.002"/>
</testsuite>